oscandroidapp/build/outputs/logs/manifest-merger-debug-report.txt
-- Merging decision tree log ---
manifest
ADDED from AndroidManifest.xml:2:1
	package
		ADDED from AndroidManifest.xml:3:5
		INJECTED from AndroidManifest.xml:0:0
		INJECTED from AndroidManifest.xml:0:0
	android:versionName
		ADDED from AndroidManifest.xml:5:5
	android:versionCode
		ADDED from AndroidManifest.xml:4:5
		INJECTED from AndroidManifest.xml:0:0
		INJECTED from AndroidManifest.xml:0:0
	xmlns:android
		ADDED from AndroidManifest.xml:2:11
uses-sdk
ADDED from AndroidManifest.xml:7:5
MERGED from com.android.support:support-v4:21.0.3:15:5
MERGED from osc-android-app:umengShareLib:unspecified:7:5
MERGED from com.android.support:appcompat-v7:19.1.0:18:5
MERGED from com.android.support:support-v4:21.0.3:15:5
	android:targetSdkVersion
		ADDED from AndroidManifest.xml:9:9
		INJECTED from AndroidManifest.xml:0:0
		INJECTED from AndroidManifest.xml:0:0
	android:minSdkVersion
		ADDED from AndroidManifest.xml:8:9
		INJECTED from AndroidManifest.xml:0:0
		INJECTED from AndroidManifest.xml:0:0
uses-permission#android.permission.INTERNET
ADDED from AndroidManifest.xml:11:5
	android:name
		ADDED from AndroidManifest.xml:11:22
uses-permission#android.permission.ACCESS_NETWORK_STATE
ADDED from AndroidManifest.xml:12:5
	android:name
		ADDED from AndroidManifest.xml:12:22
uses-permission#android.permission.ACCESS_WIFI_STATE
ADDED from AndroidManifest.xml:13:5
	android:name
		ADDED from AndroidManifest.xml:13:22
uses-permission#android.permission.READ_PHONE_STATE
ADDED from AndroidManifest.xml:14:5
	android:name
		ADDED from AndroidManifest.xml:14:22
uses-permission#android.permission.WRITE_EXTERNAL_STORAGE
ADDED from AndroidManifest.xml:15:5
	android:name
		ADDED from AndroidManifest.xml:15:22
uses-permission#android.permission.RESTART_PACKAGES
ADDED from AndroidManifest.xml:16:5
	android:name
		ADDED from AndroidManifest.xml:16:22
uses-permission#android.permission.CAMERA
ADDED from AndroidManifest.xml:17:5
	android:name
		ADDED from AndroidManifest.xml:17:22
uses-permission#android.permission.FLASHLIGHT
ADDED from AndroidManifest.xml:18:5
	android:name
		ADDED from AndroidManifest.xml:18:22
uses-permission#android.permission.VIBRATE
ADDED from AndroidManifest.xml:19:5
	android:name
		ADDED from AndroidManifest.xml:19:22
uses-permission#android.permission.MOUNT_UNMOUNT_FILESYSTEMS
ADDED from AndroidManifest.xml:20:5
	android:name
		ADDED from AndroidManifest.xml:20:22
uses-permission#android.permission.RECORD_AUDIO
ADDED from AndroidManifest.xml:21:5
	android:name
		ADDED from AndroidManifest.xml:21:22
uses-permission#android.permission.GET_ACCOUNTS
ADDED from AndroidManifest.xml:22:5
	android:name
		ADDED from AndroidManifest.xml:22:22
uses-permission#android.permission.USE_CREDENTIALS
ADDED from AndroidManifest.xml:23:5
	android:name
		ADDED from AndroidManifest.xml:23:22
uses-permission#android.permission.MANAGE_ACCOUNTS
ADDED from AndroidManifest.xml:24:5
	android:name
		ADDED from AndroidManifest.xml:24:22
uses-permission#android.permission.AUTHENTICATE_ACCOUNTS
ADDED from AndroidManifest.xml:25:5
	android:name
		ADDED from AndroidManifest.xml:25:22
uses-permission#com.android.launcher.permission.READ_SETTINGS
ADDED from AndroidManifest.xml:26:5
	android:name
		ADDED from AndroidManifest.xml:26:22
uses-permission#android.permission.CHANGE_WIFI_STATE
ADDED from AndroidManifest.xml:27:5
	android:name
		ADDED from AndroidManifest.xml:27:22
uses-permission#android.permission.BROADCAST_STICKY
ADDED from AndroidManifest.xml:28:5
	android:name
		ADDED from AndroidManifest.xml:28:22
uses-permission#android.permission.WRITE_SETTINGS
ADDED from AndroidManifest.xml:29:5
	android:name
		ADDED from AndroidManifest.xml:29:22
uses-permission#android.permission.CALL_PHONE
ADDED from AndroidManifest.xml:30:5
	android:name
		ADDED from AndroidManifest.xml:30:22
uses-feature#android.hardware.camera
ADDED from AndroidManifest.xml:32:5
	android:name
		ADDED from AndroidManifest.xml:32:19
uses-feature#android.hardware.camera.autofocus
ADDED from AndroidManifest.xml:33:5
	android:name
		ADDED from AndroidManifest.xml:33:19
supports-screens
ADDED from AndroidManifest.xml:35:5
	android:largeScreens
		ADDED from AndroidManifest.xml:37:9
	android:smallScreens
		ADDED from AndroidManifest.xml:39:9
	android:normalScreens
		ADDED from AndroidManifest.xml:38:9
	android:xlargeScreens
		ADDED from AndroidManifest.xml:40:9
	android:anyDensity
		ADDED from AndroidManifest.xml:36:9
application
ADDED from AndroidManifest.xml:42:5
MERGED from com.android.support:support-v4:21.0.3:16:5
MERGED from osc-android-app:photoViewlibrary:unspecified:7:5
MERGED from com.android.support:appcompat-v7:19.1.0:19:5
MERGED from com.android.support:support-v4:21.0.3:16:5
	android:label
		ADDED from AndroidManifest.xml:46:9
	android:hardwareAccelerated
		ADDED from osc-android-app:photoViewlibrary:unspecified:9:9
	android:allowBackup
		ADDED from AndroidManifest.xml:44:9
	android:icon
		ADDED from AndroidManifest.xml:45:9
	android:theme
		ADDED from AndroidManifest.xml:47:9
	android:name
		ADDED from AndroidManifest.xml:43:9
activity#net.oschina.app.AppStart
ADDED from AndroidManifest.xml:48:9
	android:screenOrientation
		ADDED from AndroidManifest.xml:51:13
	android:label
		ADDED from AndroidManifest.xml:50:13
	android:theme
		ADDED from AndroidManifest.xml:52:13
	android:name
		ADDED from AndroidManifest.xml:49:13
intent-filter#android.intent.action.MAIN+android.intent.category.LAUNCHER
ADDED from AndroidManifest.xml:53:13
action#android.intent.action.MAIN
ADDED from AndroidManifest.xml:54:17
	android:name
		ADDED from AndroidManifest.xml:54:25
category#android.intent.category.LAUNCHER
ADDED from AndroidManifest.xml:56:17
	android:name
		ADDED from AndroidManifest.xml:56:27
activity#net.oschina.app.ui.MainActivity
ADDED from AndroidManifest.xml:59:9
	android:screenOrientation
		ADDED from AndroidManifest.xml:62:13
	android:launchMode
		ADDED from AndroidManifest.xml:61:13
	android:name
		ADDED from AndroidManifest.xml:60:13
intent-filter#android.intent.action.VIEW+android.intent.category.BROWSABLE+android.intent.category.DEFAULT
ADDED from AndroidManifest.xml:63:13
action#android.intent.action.VIEW
ADDED from AndroidManifest.xml:64:17
	android:name
		ADDED from AndroidManifest.xml:64:25
category#android.intent.category.BROWSABLE
ADDED from AndroidManifest.xml:66:17
	android:name
		ADDED from AndroidManifest.xml:66:27
category#android.intent.category.DEFAULT
ADDED from AndroidManifest.xml:67:17
	android:name
		ADDED from AndroidManifest.xml:67:27
data
ADDED from AndroidManifest.xml:69:17
	android:host
		ADDED from AndroidManifest.xml:70:21
	android:scheme
		ADDED from AndroidManifest.xml:71:21
activity#net.oschina.app.ui.TweetActivity
ADDED from AndroidManifest.xml:104:9
	android:screenOrientation
		ADDED from AndroidManifest.xml:107:13
	android:label
		ADDED from AndroidManifest.xml:106:13
	android:name
		ADDED from AndroidManifest.xml:105:13
intent-filter#android.intent.action.SEND+android.intent.category.DEFAULT
ADDED from AndroidManifest.xml:108:13
action#android.intent.action.SEND
ADDED from AndroidManifest.xml:109:17
	android:name
		ADDED from AndroidManifest.xml:109:25
intent-filter#android.intent.action.SEND_MULTIPLE+android.intent.category.DEFAULT
ADDED from AndroidManifest.xml:122:13
action#android.intent.action.SEND_MULTIPLE
ADDED from AndroidManifest.xml:123:17
	android:name
		ADDED from AndroidManifest.xml:123:25
activity#net.oschina.app.ui.EventLocationActivity
ADDED from AndroidManifest.xml:130:9
	android:name
		ADDED from AndroidManifest.xml:130:19
activity#net.oschina.app.ui.LoginActivity
ADDED from AndroidManifest.xml:131:9
	android:screenOrientation
		ADDED from AndroidManifest.xml:134:13
	android:configChanges
		ADDED from AndroidManifest.xml:133:13
	android:name
		ADDED from AndroidManifest.xml:132:13
activity#net.oschina.app.ui.DetailActivity
ADDED from AndroidManifest.xml:136:9
	android:screenOrientation
		ADDED from AndroidManifest.xml:139:13
	android:windowSoftInputMode
		ADDED from AndroidManifest.xml:141:13
	android:configChanges
		ADDED from AndroidManifest.xml:138:13
	android:theme
		ADDED from AndroidManifest.xml:140:13
	android:name
		ADDED from AndroidManifest.xml:137:13
activity#net.oschina.app.ui.ImagePreviewActivity
ADDED from AndroidManifest.xml:142:9
	android:screenOrientation
		ADDED from AndroidManifest.xml:145:13
	android:configChanges
		ADDED from AndroidManifest.xml:144:13
	android:name
		ADDED from AndroidManifest.xml:143:13
activity#net.oschina.app.ui.SimpleBackActivity
ADDED from AndroidManifest.xml:146:9
	android:screenOrientation
		ADDED from AndroidManifest.xml:149:13
	android:configChanges
		ADDED from AndroidManifest.xml:148:13
	android:name
		ADDED from AndroidManifest.xml:147:13
activity#net.oschina.app.team.ui.TeamMainActivity
ADDED from AndroidManifest.xml:150:9
	android:screenOrientation
		ADDED from AndroidManifest.xml:152:13
	android:name
		ADDED from AndroidManifest.xml:151:13
activity#net.oschina.app.team.ui.TeamNewActiveActivity
ADDED from AndroidManifest.xml:153:9
	android:screenOrientation
		ADDED from AndroidManifest.xml:156:13
	android:windowSoftInputMode
		ADDED from AndroidManifest.xml:157:13
	android:configChanges
		ADDED from AndroidManifest.xml:155:13
	android:name
		ADDED from AndroidManifest.xml:154:13
activity#com.dtr.zxing.activity.CaptureActivity
ADDED from AndroidManifest.xml:158:9
	android:screenOrientation
		ADDED from AndroidManifest.xml:161:13
	android:label
		ADDED from AndroidManifest.xml:160:13
	android:name
		ADDED from AndroidManifest.xml:159:13
service#net.oschina.app.LogUploadService
ADDED from AndroidManifest.xml:164:9
	android:name
		ADDED from AndroidManifest.xml:164:18
activity#com.tencent.tauth.AuthActivity
ADDED from AndroidManifest.xml:167:9
	android:launchMode
		ADDED from AndroidManifest.xml:169:13
	android:noHistory
		ADDED from AndroidManifest.xml:170:13
	android:name
		ADDED from AndroidManifest.xml:168:13
activity#com.tencent.connect.common.AssistActivity
ADDED from AndroidManifest.xml:180:9
	android:screenOrientation
		ADDED from AndroidManifest.xml:182:13
	android:theme
		ADDED from AndroidManifest.xml:183:13
	android:name
		ADDED from AndroidManifest.xml:181:13
service#net.oschina.app.service.ServerTaskService
ADDED from AndroidManifest.xml:186:9
	android:name
		ADDED from AndroidManifest.xml:186:18
intent-filter#net.oschina.app.ACTION_PUB_BLOG_COMMENT
ADDED from AndroidManifest.xml:187:13
action#net.oschina.app.ACTION_PUB_BLOG_COMMENT
ADDED from AndroidManifest.xml:188:17
	android:name
		ADDED from AndroidManifest.xml:188:25
intent-filter#net.oschina.app.ACTION_PUB_COMMENT
ADDED from AndroidManifest.xml:190:13
action#net.oschina.app.ACTION_PUB_COMMENT
ADDED from AndroidManifest.xml:191:17
	android:name
		ADDED from AndroidManifest.xml:191:25
intent-filter#net.oschina.app.ACTION_PUB_POST
ADDED from AndroidManifest.xml:193:13
action#net.oschina.app.ACTION_PUB_POST
ADDED from AndroidManifest.xml:194:17
	android:name
		ADDED from AndroidManifest.xml:194:25
intent-filter#net.oschina.app.ACTION_PUB_TWEET
ADDED from AndroidManifest.xml:196:13
action#net.oschina.app.ACTION_PUB_TWEET
ADDED from AndroidManifest.xml:197:17
	android:name
		ADDED from AndroidManifest.xml:197:25
intent-filter#net.oschina.app.ACTION_PUB_SOFTWARE_TWEET
ADDED from AndroidManifest.xml:199:13
action#net.oschina.app.ACTION_PUB_SOFTWARE_TWEET
ADDED from AndroidManifest.xml:200:17
	android:name
		ADDED from AndroidManifest.xml:200:25
receiver#net.oschina.app.broadcast.AlarmReceiver
ADDED from AndroidManifest.xml:204:9
	android:name
		ADDED from AndroidManifest.xml:204:19
service#net.oschina.app.service.NoticeService
ADDED from AndroidManifest.xml:206:9
	android:process
		ADDED from AndroidManifest.xml:208:13
	android:name
		ADDED from AndroidManifest.xml:207:13
service#net.oschina.app.service.DownloadService
ADDED from AndroidManifest.xml:209:9
	android:name
		ADDED from AndroidManifest.xml:209:18
meta-data#UMENG_APPKEY
ADDED from AndroidManifest.xml:211:9
	android:value
		ADDED from AndroidManifest.xml:213:13
	android:name
		ADDED from AndroidManifest.xml:212:13
meta-data#UMENG_CHANNEL
ADDED from AndroidManifest.xml:215:9
	android:value
		ADDED from AndroidManifest.xml:217:13
	android:name
		ADDED from AndroidManifest.xml:216:13
meta-data#com.baidu.lbsapi.API_KEY
ADDED from AndroidManifest.xml:219:9
	android:value
		ADDED from AndroidManifest.xml:221:13
	android:name
		ADDED from AndroidManifest.xml:220:13
service#com.baidu.location.f
ADDED from AndroidManifest.xml:223:9
	android:enabled
		ADDED from AndroidManifest.xml:225:13
	android:process
		ADDED from AndroidManifest.xml:226:13
	android:name
		ADDED from AndroidManifest.xml:224:13
android:uses-permission#android.permission.READ_EXTERNAL_STORAGE
IMPLIED from AndroidManifest.xml:2:1 reason: uk.co.senab.photoview requested WRITE_EXTERNAL_STORAGE